Copyright 1986-2018 Xilinx, Inc. All Rights Reserved.
------------------------------------------------------------------------------------------------------------------------------
| Tool Version : Vivado v.2018.2 (win64) Build 2258646 Thu Jun 14 20:03:12 MDT 2018
| Date         : Tue Dec 23 16:39:28 2025
| Host         : DESKTOP-OM7RFET running 64-bit major release  (build 9200)
| Command      : report_drc -file CPU_WrapperV3_drc_opted.rpt -pb CPU_WrapperV3_drc_opted.pb -rpx CPU_WrapperV3_drc_opted.rpx
| Design       : CPU_WrapperV3
| Device       : xc7a35ticpg236-1L
| Speed File   : -1L
| Design State : Synthesized
------------------------------------------------------------------------------------------------------------------------------

Report DRC

Table of Contents
-----------------
1. REPORT SUMMARY
2. REPORT DETAILS

1. REPORT SUMMARY
-----------------
            Netlist: netlist
          Floorplan: design_1
      Design limits: <entire design considered>
           Ruledeck: default
             Max violations: <unlimited>
             Violations found: 0
+------+----------+-------------+------------+
| Rule | Severity | Description | Violations |
+------+----------+-------------+------------+
+------+----------+-------------+------------+

2. REPORT DETAILS
-----------------

