#-----------------------------------------------------------
# Vivado v2018.2 (64-bit)
# SW Build 2258646 on Thu Jun 14 20:03:12 MDT 2018
# IP Build 2256618 on Thu Jun 14 22:10:49 MDT 2018
# Start of session at: Sat Dec 20 02:14:00 2025
# Process ID: 16236
# Current directory: D:/AdvancedMicroPrj_EECE27/Synth_Project
# Command line: vivado.exe -gui_launcher_event rodinguilauncherevent5972 D:\AdvancedMicroPrj_EECE27\Synth_Project\Synth_Project.xpr
# Log file: D:/AdvancedMicroPrj_EECE27/Synth_Project/vivado.log
# Journal file: D:/AdvancedMicroPrj_EECE27/Synth_Project\vivado.jou
#-----------------------------------------------------------
start_gui
open_project D:/AdvancedMicroPrj_EECE27/Synth_Project/Synth_Project.xpr
Scanning sources...
Finished scanning sources
INFO: [IP_Flow 19-234] Refreshing IP repositories
INFO: [IP_Flow 19-1704] No user IP repositories specified
INFO: [IP_Flow 19-2313] Loaded Vivado IP repository 'D:/Xilinx/Vivado/2018.2/data/ip'.
open_project: Time (s): cpu = 00:00:09 ; elapsed = 00:00:06 . Memory (MB): peak = 776.598 ; gain = 121.480
update_compile_order -fileset sources_1
open_run synth_1 -name synth_1
Design is defaulting to impl run constrset: constrs_1
Design is defaulting to synth run part: xc7a35ticpg236-1L
INFO: [Netlist 29-17] Analyzing 837 Unisim elements for replacement
INFO: [Netlist 29-28] Unisim Transformation completed in 0 CPU seconds
INFO: [Project 1-479] Netlist was created with Vivado 2018.2
INFO: [Device 21-403] Loading part xc7a35ticpg236-1L
INFO: [Project 1-570] Preparing netlist for logic optimization
Parsing XDC File [D:/AdvancedMicroPrj_EECE27/Constraints_basys3.xdc]
Finished Parsing XDC File [D:/AdvancedMicroPrj_EECE27/Constraints_basys3.xdc]
INFO: [Opt 31-138] Pushed 0 inverter(s) to 0 load pin(s).
INFO: [Project 1-111] Unisim Transformation Summary:
No Unisim elements were transformed.

open_run: Time (s): cpu = 00:00:21 ; elapsed = 00:00:18 . Memory (MB): peak = 1207.105 ; gain = 423.992
report_utilization -name utilization_1
report_utilization: Time (s): cpu = 00:00:04 ; elapsed = 00:00:02 . Memory (MB): peak = 1214.336 ; gain = 7.230
open_run impl_1
INFO: [Netlist 29-17] Analyzing 936 Unisim elements for replacement
INFO: [Netlist 29-28] Unisim Transformation completed in 0 CPU seconds
INFO: [Project 1-479] Netlist was created with Vivado 2018.2
INFO: [Project 1-570] Preparing netlist for logic optimization
INFO: [Timing 38-478] Restoring timing data from binary archive.
INFO: [Timing 38-479] Binary timing data restore complete.
INFO: [Project 1-856] Restoring constraints from binary archive.
INFO: [Project 1-853] Binary constraint restore complete.
Reading XDEF placement.
Reading placer database...
Reading XDEF routing.
Read XDEF File: Time (s): cpu = 00:00:01 ; elapsed = 00:00:00.440 . Memory (MB): peak = 1850.832 ; gain = 0.000
Restored from archive | CPU: 1.000000 secs | Memory: 0.000000 MB |
Finished XDEF File Restore: Time (s): cpu = 00:00:01 ; elapsed = 00:00:00.441 . Memory (MB): peak = 1850.832 ; gain = 0.000
INFO: [Project 1-111] Unisim Transformation Summary:
  A total of 54 instances were transformed.
  CFGLUT5 => CFGLUT5 (SRLC32E, SRL16E): 48 instances
  RAM32M => RAM32M (RAMD32, RAMD32, RAMD32, RAMD32, RAMD32, RAMD32, RAMS32, RAMS32): 6 instances

open_run: Time (s): cpu = 00:00:15 ; elapsed = 00:00:13 . Memory (MB): peak = 1922.191 ; gain = 702.562
WARNING: [Timing 38-436] There are set_bus_skew constraint(s) in this design. Please run report_bus_skew to ensure that bus skew requirements are met.
report_timing_summary -delay_type min_max -report_unconstrained -check_timing_verbose -max_paths 10 -input_pins -routable_nets -name timing_1
INFO: [Timing 38-91] UpdateTimingParams: Speed grade: -1L, Delay Type: min_max.
INFO: [Timing 38-191] Multithreading enabled for timing update using a maximum of 2 CPUs
WARNING: [Timing 38-436] There are set_bus_skew constraint(s) in this design. Please run report_bus_skew to ensure that bus skew requirements are met.
exit
INFO: [Common 17-206] Exiting Vivado at Sat Dec 20 02:19:10 2025...
